2024-05-09 21:41:49,155 Internal Server Error: /registration/signout/
Traceback (most recent call last):
  File "C:\Users\7seas\OneDrive\Desktop\Marketplace\env\Lib\site-packages\django\core\handlers\exception.py", line 55, in inner
    response = get_response(request)
               ^^^^^^^^^^^^^^^^^^^^^
  File "C:\Users\7seas\OneDrive\Desktop\Marketplace\env\Lib\site-packages\django\core\handlers\base.py", line 204, in _get_response
    self.check_response(response, callback)
  File "C:\Users\7seas\OneDrive\Desktop\Marketplace\env\Lib\site-packages\django\core\handlers\base.py", line 332, in check_response
    raise ValueError(
ValueError: The view registration.views.log_out didn't return an HttpResponse object. It returned None instead.
2024-05-09 21:46:42,819 C:\Users\7seas\OneDrive\Desktop\Marketplace\marketplace\registration\views.py changed, reloading.
2024-05-09 21:57:24,512 C:\Users\7seas\OneDrive\Desktop\Marketplace\marketplace\registration\views.py changed, reloading.
2024-05-09 21:57:33,902 Not Found: /accounts/login/
2024-05-09 22:01:50,341 C:\Users\7seas\OneDrive\Desktop\Marketplace\marketplace\product\views.py changed, reloading.
2024-05-09 22:01:56,229 Not Found: /accounts/login/
2024-05-09 22:04:33,814 C:\Users\7seas\OneDrive\Desktop\Marketplace\marketplace\product\views.py changed, reloading.
2024-05-09 22:04:36,826 Not Found: /accounts/login/
2024-05-09 22:04:39,333 Not Found: /accounts/login/
2024-05-09 22:04:47,774 Not Found: /accounts/login/
2024-05-09 22:06:14,746 C:\Users\7seas\OneDrive\Desktop\Marketplace\marketplace\marketplace\urls.py changed, reloading.
2024-05-09 22:06:26,852 Not Found: /accounts/login/
2024-05-09 22:07:16,006 C:\Users\7seas\OneDrive\Desktop\Marketplace\marketplace\registration\urls.py changed, reloading.
2024-05-09 22:07:19,687 Not Found: /accounts/login/
2024-05-09 22:07:23,211 Not Found: /accounts/login/
2024-05-09 22:07:30,541 Not Found: /accounts/login/
2024-05-09 22:08:23,884 C:\Users\7seas\OneDrive\Desktop\Marketplace\marketplace\registration\urls.py changed, reloading.
2024-05-09 22:08:27,102 Not Found: /accounts/login/
2024-05-09 22:08:28,666 Not Found: /accounts/login/
2024-05-09 22:08:36,427 Not Found: /accounts/login/
2024-05-09 22:08:58,631 C:\Users\7seas\OneDrive\Desktop\Marketplace\marketplace\registration\urls.py changed, reloading.
2024-05-09 22:09:02,594 C:\Users\7seas\OneDrive\Desktop\Marketplace\marketplace\registration\urls.py changed, reloading.
2024-05-09 22:09:22,480 Not Found: /accounts/login/
2024-05-09 22:14:50,242 Not Found: /mangoes
2024-05-09 22:14:56,139 Not Found: /mangoes/1/
2024-05-09 22:15:06,350 Not Found: /accounts/login/
2024-05-09 22:15:24,872 C:\Users\7seas\OneDrive\Desktop\Marketplace\marketplace\registration\urls.py changed, reloading.
2024-05-09 22:15:27,930 Not Found: /accounts/login/
2024-05-09 22:15:40,037 Not Found: /accounts/login/
2024-05-09 22:19:22,962 C:\Users\7seas\OneDrive\Desktop\Marketplace\marketplace\product\views.py changed, reloading.
2024-05-09 22:19:32,843 Not Found: /purchase/2/registration/login/
2024-05-09 22:24:57,241 C:\Users\7seas\OneDrive\Desktop\Marketplace\marketplace\marketplace\settings.py changed, reloading.
2024-05-09 22:25:28,354 C:\Users\7seas\OneDrive\Desktop\Marketplace\marketplace\marketplace\settings.py changed, reloading.
2024-05-09 22:25:43,703 Not Found: /purchase/2/registration/login/
2024-05-09 22:27:37,921 C:\Users\7seas\OneDrive\Desktop\Marketplace\marketplace\registration\urls.py changed, reloading.
2024-05-09 22:27:50,197 Not Found: /purchase/2/registration/login/
2024-05-09 22:30:17,623 C:\Users\7seas\OneDrive\Desktop\Marketplace\marketplace\registration\urls.py changed, reloading.
2024-05-09 22:30:27,167 Not Found: /purchase/2/registration/login/
2024-05-09 22:30:43,938 C:\Users\7seas\OneDrive\Desktop\Marketplace\marketplace\product\views.py changed, reloading.
2024-05-09 22:30:47,028 Not Found: /purchase/2/registration/login/
2024-05-09 22:30:55,684 Not Found: /purchase/2/registration/login
2024-05-09 22:31:21,564 C:\Users\7seas\OneDrive\Desktop\Marketplace\marketplace\product\views.py changed, reloading.
2024-05-09 22:31:30,229 Not Found: /purchase/1/registration/login/
2024-05-09 22:32:06,563 C:\Users\7seas\OneDrive\Desktop\Marketplace\marketplace\product\views.py changed, reloading.
2024-05-09 22:32:14,071 Not Found: /purchase/2/accounts/login/
2024-05-09 22:33:54,417 Not Found: /purchase/2/accounts/login/
2024-05-09 22:34:01,091 Not Found: /purchase/2/accounts/login/
2024-05-09 22:35:09,398 C:\Users\7seas\OneDrive\Desktop\Marketplace\marketplace\registration\urls.py changed, reloading.
2024-05-09 22:35:32,498 C:\Users\7seas\OneDrive\Desktop\Marketplace\marketplace\product\views.py changed, reloading.
2024-05-09 22:35:39,938 Not Found: /purchase/2/registration/login.html/
2024-05-09 22:36:18,828 C:\Users\7seas\OneDrive\Desktop\Marketplace\marketplace\product\views.py changed, reloading.
2024-05-09 22:48:39,130 C:\Users\7seas\OneDrive\Desktop\Marketplace\marketplace\marketplace\settings.py changed, reloading.
2024-05-09 23:19:06,592 Not Found: /purchase/2/registration/login/
